Linked: (/home/sanil/docking-sim/devel/.private/hms_client/include/hms_client/ping_pongRequest.h, /home/sanil/docking-sim/devel/include/hms_client/ping_pongRequest.h)
Linked: (/home/sanil/docking-sim/devel/.private/hms_client/include/hms_client/ping_pong.h, /home/sanil/docking-sim/devel/include/hms_client/ping_pong.h)
Linked: (/home/sanil/docking-sim/devel/.private/hms_client/include/hms_client/hms_msg.h, /home/sanil/docking-sim/devel/include/hms_client/hms_msg.h)
Linked: (/home/sanil/docking-sim/devel/.private/hms_client/include/hms_client/ping_pongResponse.h, /home/sanil/docking-sim/devel/include/hms_client/ping_pongResponse.h)
Linked: (/home/sanil/docking-sim/devel/.private/hms_client/lib/pkgconfig/hms_client.pc, /home/sanil/docking-sim/devel/lib/pkgconfig/hms_client.pc)
Linked: (/home/sanil/docking-sim/devel/.private/hms_client/lib/hms_client/hms_client, /home/sanil/docking-sim/devel/lib/hms_client/hms_client)
Linked: (/home/sanil/docking-sim/devel/.private/hms_client/lib/python2.7/dist-packages/hms_client/__init__.py, /home/sanil/docking-sim/devel/lib/python2.7/dist-packages/hms_client/__init__.py)
Linked: (/home/sanil/docking-sim/devel/.private/hms_client/lib/python2.7/dist-packages/hms_client/srv/_ping_pong.py, /home/sanil/docking-sim/devel/lib/python2.7/dist-packages/hms_client/srv/_ping_pong.py)
Linked: (/home/sanil/docking-sim/devel/.private/hms_client/lib/python2.7/dist-packages/hms_client/srv/__init__.py, /home/sanil/docking-sim/devel/lib/python2.7/dist-packages/hms_client/srv/__init__.py)
Linked: (/home/sanil/docking-sim/devel/.private/hms_client/lib/python2.7/dist-packages/hms_client/msg/__init__.py, /home/sanil/docking-sim/devel/lib/python2.7/dist-packages/hms_client/msg/__init__.py)
Linked: (/home/sanil/docking-sim/devel/.private/hms_client/lib/python2.7/dist-packages/hms_client/msg/_hms_msg.py, /home/sanil/docking-sim/devel/lib/python2.7/dist-packages/hms_client/msg/_hms_msg.py)
Linked: (/home/sanil/docking-sim/devel/.private/hms_client/share/gennodejs/ros/hms_client/_index.js, /home/sanil/docking-sim/devel/share/gennodejs/ros/hms_client/_index.js)
Linked: (/home/sanil/docking-sim/devel/.private/hms_client/share/gennodejs/ros/hms_client/srv/_index.js, /home/sanil/docking-sim/devel/share/gennodejs/ros/hms_client/srv/_index.js)
Linked: (/home/sanil/docking-sim/devel/.private/hms_client/share/gennodejs/ros/hms_client/srv/ping_pong.js, /home/sanil/docking-sim/devel/share/gennodejs/ros/hms_client/srv/ping_pong.js)
Linked: (/home/sanil/docking-sim/devel/.private/hms_client/share/gennodejs/ros/hms_client/msg/hms_msg.js, /home/sanil/docking-sim/devel/share/gennodejs/ros/hms_client/msg/hms_msg.js)
Linked: (/home/sanil/docking-sim/devel/.private/hms_client/share/gennodejs/ros/hms_client/msg/_index.js, /home/sanil/docking-sim/devel/share/gennodejs/ros/hms_client/msg/_index.js)
Linked: (/home/sanil/docking-sim/devel/.private/hms_client/share/hms_client/cmake/hms_client-msg-paths.cmake, /home/sanil/docking-sim/devel/share/hms_client/cmake/hms_client-msg-paths.cmake)
Linked: (/home/sanil/docking-sim/devel/.private/hms_client/share/hms_client/cmake/hms_clientConfig-version.cmake, /home/sanil/docking-sim/devel/share/hms_client/cmake/hms_clientConfig-version.cmake)
Linked: (/home/sanil/docking-sim/devel/.private/hms_client/share/hms_client/cmake/hms_client-msg-extras.cmake, /home/sanil/docking-sim/devel/share/hms_client/cmake/hms_client-msg-extras.cmake)
Linked: (/home/sanil/docking-sim/devel/.private/hms_client/share/hms_client/cmake/hms_clientConfig.cmake, /home/sanil/docking-sim/devel/share/hms_client/cmake/hms_clientConfig.cmake)
Linked: (/home/sanil/docking-sim/devel/.private/hms_client/share/roseus/ros/hms_client/manifest.l, /home/sanil/docking-sim/devel/share/roseus/ros/hms_client/manifest.l)
Linked: (/home/sanil/docking-sim/devel/.private/hms_client/share/roseus/ros/hms_client/srv/ping_pong.l, /home/sanil/docking-sim/devel/share/roseus/ros/hms_client/srv/ping_pong.l)
Linked: (/home/sanil/docking-sim/devel/.private/hms_client/share/roseus/ros/hms_client/msg/hms_msg.l, /home/sanil/docking-sim/devel/share/roseus/ros/hms_client/msg/hms_msg.l)
Linked: (/home/sanil/docking-sim/devel/.private/hms_client/share/common-lisp/ros/hms_client/srv/_package_ping_pong.lisp, /home/sanil/docking-sim/devel/share/common-lisp/ros/hms_client/srv/_package_ping_pong.lisp)
Linked: (/home/sanil/docking-sim/devel/.private/hms_client/share/common-lisp/ros/hms_client/srv/ping_pong.lisp, /home/sanil/docking-sim/devel/share/common-lisp/ros/hms_client/srv/ping_pong.lisp)
Linked: (/home/sanil/docking-sim/devel/.private/hms_client/share/common-lisp/ros/hms_client/srv/hms_client-srv.asd, /home/sanil/docking-sim/devel/share/common-lisp/ros/hms_client/srv/hms_client-srv.asd)
Linked: (/home/sanil/docking-sim/devel/.private/hms_client/share/common-lisp/ros/hms_client/srv/_package.lisp, /home/sanil/docking-sim/devel/share/common-lisp/ros/hms_client/srv/_package.lisp)
Linked: (/home/sanil/docking-sim/devel/.private/hms_client/share/common-lisp/ros/hms_client/msg/hms_msg.lisp, /home/sanil/docking-sim/devel/share/common-lisp/ros/hms_client/msg/hms_msg.lisp)
Linked: (/home/sanil/docking-sim/devel/.private/hms_client/share/common-lisp/ros/hms_client/msg/_package_hms_msg.lisp, /home/sanil/docking-sim/devel/share/common-lisp/ros/hms_client/msg/_package_hms_msg.lisp)
Linked: (/home/sanil/docking-sim/devel/.private/hms_client/share/common-lisp/ros/hms_client/msg/_package.lisp, /home/sanil/docking-sim/devel/share/common-lisp/ros/hms_client/msg/_package.lisp)
Linked: (/home/sanil/docking-sim/devel/.private/hms_client/share/common-lisp/ros/hms_client/msg/hms_client-msg.asd, /home/sanil/docking-sim/devel/share/common-lisp/ros/hms_client/msg/hms_client-msg.asd)
