[  0%] Built target roscpp_generate_messages_eus
[  0%] Built target rosgraph_msgs_generate_messages_nodejs
[  0%] Built target std_msgs_generate_messages_cpp
[  0%] Built target rosgraph_msgs_generate_messages_py
[  0%] Built target rosgraph_msgs_generate_messages_lisp
[  0%] Built target roscpp_generate_messages_nodejs
[  0%] Built target std_msgs_generate_messages_eus
[  0%] Built target rosgraph_msgs_generate_messages_eus
[  0%] Built target std_msgs_generate_messages_py
[  0%] Built target rosgraph_msgs_generate_messages_cpp
[  0%] Built target roscpp_generate_messages_cpp
[  0%] Built target roscpp_generate_messages_lisp
[  0%] Built target _hms_client_generate_messages_check_deps_ping_pong
[  0%] Built target std_msgs_generate_messages_nodejs
[  0%] Built target roscpp_generate_messages_py
[  0%] Built target _hms_client_generate_messages_check_deps_hms_msg
[  0%] Built target std_msgs_generate_messages_lisp
[ 13%] Built target hms_client_generate_messages_cpp
[ 40%] Built target hms_client_generate_messages_eus
[ 46%] Built target hms_client_generate_messages_nodejs
[ 73%] Built target hms_client_generate_messages_py
[ 86%] Built target hms_client_generate_messages_lisp
[100%] Built target hms_client
[100%] Built target hms_client_generate_messages
