Symlinking /home/sanil/docking-sim/devel/include/hms_client/ping_pongRequest.h
Symlinking /home/sanil/docking-sim/devel/include/hms_client/ping_pong.h
Symlinking /home/sanil/docking-sim/devel/include/hms_client/hms_msg.h
Symlinking /home/sanil/docking-sim/devel/include/hms_client/ping_pongResponse.h
Symlinking /home/sanil/docking-sim/devel/lib/pkgconfig/hms_client.pc
Symlinking /home/sanil/docking-sim/devel/lib/hms_client/hms_client
Symlinking /home/sanil/docking-sim/devel/lib/python2.7/dist-packages/hms_client/__init__.py
Symlinking /home/sanil/docking-sim/devel/lib/python2.7/dist-packages/hms_client/srv/_ping_pong.py
Symlinking /home/sanil/docking-sim/devel/lib/python2.7/dist-packages/hms_client/srv/__init__.py
Symlinking /home/sanil/docking-sim/devel/lib/python2.7/dist-packages/hms_client/msg/__init__.py
Symlinking /home/sanil/docking-sim/devel/lib/python2.7/dist-packages/hms_client/msg/_hms_msg.py
Symlinking /home/sanil/docking-sim/devel/share/gennodejs/ros/hms_client/_index.js
Symlinking /home/sanil/docking-sim/devel/share/gennodejs/ros/hms_client/srv/_index.js
Symlinking /home/sanil/docking-sim/devel/share/gennodejs/ros/hms_client/srv/ping_pong.js
Symlinking /home/sanil/docking-sim/devel/share/gennodejs/ros/hms_client/msg/hms_msg.js
Symlinking /home/sanil/docking-sim/devel/share/gennodejs/ros/hms_client/msg/_index.js
Symlinking /home/sanil/docking-sim/devel/share/hms_client/cmake/hms_client-msg-paths.cmake
Symlinking /home/sanil/docking-sim/devel/share/hms_client/cmake/hms_clientConfig-version.cmake
Symlinking /home/sanil/docking-sim/devel/share/hms_client/cmake/hms_client-msg-extras.cmake
Symlinking /home/sanil/docking-sim/devel/share/hms_client/cmake/hms_clientConfig.cmake
Symlinking /home/sanil/docking-sim/devel/share/roseus/ros/hms_client/manifest.l
Symlinking /home/sanil/docking-sim/devel/share/roseus/ros/hms_client/srv/ping_pong.l
Symlinking /home/sanil/docking-sim/devel/share/roseus/ros/hms_client/msg/hms_msg.l
Symlinking /home/sanil/docking-sim/devel/share/common-lisp/ros/hms_client/srv/_package_ping_pong.lisp
Symlinking /home/sanil/docking-sim/devel/share/common-lisp/ros/hms_client/srv/ping_pong.lisp
Symlinking /home/sanil/docking-sim/devel/share/common-lisp/ros/hms_client/srv/hms_client-srv.asd
Symlinking /home/sanil/docking-sim/devel/share/common-lisp/ros/hms_client/srv/_package.lisp
Symlinking /home/sanil/docking-sim/devel/share/common-lisp/ros/hms_client/msg/hms_msg.lisp
Symlinking /home/sanil/docking-sim/devel/share/common-lisp/ros/hms_client/msg/_package_hms_msg.lisp
Symlinking /home/sanil/docking-sim/devel/share/common-lisp/ros/hms_client/msg/_package.lisp
Symlinking /home/sanil/docking-sim/devel/share/common-lisp/ros/hms_client/msg/hms_client-msg.asd
